"../../../../../GitHub/WingSeph/proto4Rapid/Prototype4/Content/Isometric/Decals/matDecalFirst.uasset" 0
"../../../../../GitHub/WingSeph/proto4Rapid/Prototype4/Content/Isometric/Materials/matGlass/Seamless_white_crease_paper_texture.uasset" 1
"../../../../../GitHub/WingSeph/proto4Rapid/Prototype4/Content/Isometric/Materials/matGlass/texWindow.uasset" 2
"../../../../../GitHub/WingSeph/proto4Rapid/Prototype4/Content/Isometric/Meshes/Camera/rtCamera.uasset" 3
"../../../../../GitHub/WingSeph/proto4Rapid/Prototype4/Content/Isometric/Meshes/Camera/rtCamera_Mat.uasset" 4
"../../../../../GitHub/WingSeph/proto4Rapid/Prototype4/Content/Isometric/Meshes/Characters/texMain.uasset" 5
"../../../../../GitHub/WingSeph/proto4Rapid/Prototype4/Content/Isometric/Meshes/Characters/prisoner_1Mat.uasset" 6
"../../../../../GitHub/WingSeph/proto4Rapid/Prototype4/Content/Isometric/Meshes/Characters/mesMain.uasset" 7
"../../../../../GitHub/WingSeph/proto4Rapid/Prototype4/Content/Isometric/Meshes/Characters/texPolice.uasset" 8
"../../../../../GitHub/WingSeph/proto4Rapid/Prototype4/Content/Isometric/Meshes/Characters/policeMat.uasset" 9
"../../../../../GitHub/WingSeph/proto4Rapid/Prototype4/Content/Isometric/Meshes/Characters/mesPolice.uasset" 10
"../../../../../GitHub/WingSeph/proto4Rapid/Prototype4/Content/Isometric/Meshes/Characters/texPrisoner_2.uasset" 11
"../../../../../GitHub/WingSeph/proto4Rapid/Prototype4/Content/Isometric/Meshes/Characters/prisoner_2Mat.uasset" 12
"../../../../../GitHub/WingSeph/proto4Rapid/Prototype4/Content/Isometric/Meshes/Characters/mesPrisoner_2.uasset" 13
"../../../Engine/Content/Functions/Engine_MaterialFunctions01/Opacity/CameraDepthFade.uasset" 14
"../../../Engine/Content/EngineMaterials/T_Default_Material_Grid_M.uasset" 15
"../../../Engine/Content/EngineMaterials/T_Default_Material_Grid_N.uasset" 16
"../../../Engine/Content/EngineMaterials/WorldGridMaterial.uasset" 17
"../../../../../GitHub/WingSeph/proto4Rapid/Prototype4/Content/Isometric/Meshes/Characters/texPrisoner_3.uasset" 18
"../../../../../GitHub/WingSeph/proto4Rapid/Prototype4/Content/Isometric/Meshes/Characters/prisoner_3Mat.uasset" 19
"../../../../../GitHub/WingSeph/proto4Rapid/Prototype4/Content/Isometric/Meshes/Characters/mesPrisoner_3.uasset" 20
"../../../../../GitHub/WingSeph/proto4Rapid/Prototype4/Content/Isometric/Meshes/Characters/mesPrisoner_3_DM.uasset" 21
"../../../../../GitHub/WingSeph/proto4Rapid/Prototype4/Content/Isometric/Meshes/Characters/texPrisoner_4.uasset" 22
"../../../../../GitHub/WingSeph/proto4Rapid/Prototype4/Content/Isometric/Meshes/Characters/prisoner_4Mat.uasset" 23
"../../../../../GitHub/WingSeph/proto4Rapid/Prototype4/Content/Isometric/Meshes/Characters/mesPrisoner_4.uasset" 24
"../../../../../GitHub/WingSeph/proto4Rapid/Prototype4/Content/Isometric/Meshes/Characters/prisoner_5Mat.uasset" 25
"../../../../../GitHub/WingSeph/proto4Rapid/Prototype4/Content/Isometric/Meshes/Characters/mesPrisoner_5.uasset" 26
"../../../../../GitHub/WingSeph/proto4Rapid/Prototype4/Content/Isometric/Meshes/Characters/texPrisoner_5.uasset" 27
"../../../../../GitHub/WingSeph/proto4Rapid/Prototype4/Content/Isometric/Meshes/Characters/Player/texPlayer.uasset" 28
"../../../../../GitHub/WingSeph/proto4Rapid/Prototype4/Content/Isometric/Meshes/Characters/Player/matPlayer.uasset" 29
"../../../../../GitHub/WingSeph/proto4Rapid/Prototype4/Content/Isometric/Meshes/Characters/Player/mesPlayer.uasset" 30
"../../../../../GitHub/WingSeph/proto4Rapid/Prototype4/Content/Isometric/Meshes/Characters/Player/mesPlayer_DM.uasset" 31
"../../../../../GitHub/WingSeph/proto4Rapid/Prototype4/Content/Isometric/Meshes/Levels/LevelCorridor1/LevelCorridor1-3.uasset" 32
"../../../../../GitHub/WingSeph/proto4Rapid/Prototype4/Content/Isometric/Meshes/Levels/LevelCorridor1/palette1.uasset" 33
"../../../../../GitHub/WingSeph/proto4Rapid/Prototype4/Content/Isometric/Meshes/Levels/LevelCorridor1/LevelCorridor1-2.uasset" 34
"../../../../../GitHub/WingSeph/proto4Rapid/Prototype4/Content/Isometric/Particles/Leaf/matPinkLeaf_Inst.uasset" 35
"../../../../../GitHub/WingSeph/proto4Rapid/Prototype4/Content/Isometric/Particles/Leaf/mesLeaf1.uasset" 36
"../../../../../GitHub/WingSeph/proto4Rapid/Prototype4/Content/Isometric/Particles/Leaf/palette.uasset" 37
"../../../Engine/Content/Functions/Engine_MaterialFunctions01/Density/ExponentialDensity.uasset" 38
"../../../Engine/Content/Functions/Engine_MaterialFunctions01/Gradient/RadialGradientExponential.uasset" 39
"../../../../../GitHub/WingSeph/proto4Rapid/Prototype4/Content/Isometric/Particles/Rain/matRainfall.uasset" 40
"../../../../../GitHub/WingSeph/proto4Rapid/Prototype4/Content/Isometric/Particles/Rain/parRainfall.uasset" 41
"../../../../../GitHub/WingSeph/proto4Rapid/Prototype4/Content/Mannequin/Character/Mesh/UE4_Mannequin_Skeleton.uasset" 42
"../../../../../GitHub/WingSeph/proto4Rapid/Prototype4/Content/Mannequin/Animations/ThirdPersonJump_End.uasset" 43
"../../../../../GitHub/WingSeph/proto4Rapid/Prototype4/Content/TopDownBP/Blueprints/Escape3dButton.uasset" 44
"../../../../../GitHub/WingSeph/proto4Rapid/Prototype4/Content/TopDownBP/Texture/Police_Big__Scotty_.uasset" 45
"../../../../../GitHub/WingSeph/proto4Rapid/Prototype4/Content/TopDownBP/Material/Police_Big__Scotty_Mat.uasset" 46
"../../../../../GitHub/WingSeph/proto4Rapid/Prototype4/Content/TopDownBP/Mesh/Police_Big__Scotty__0.uasset" 47
"../../../../../GitHub/WingSeph/proto4Rapid/Prototype4/Content/TopDownBP/Texture/Police_Big__Scotty__step_0.uasset" 48
"../../../../../GitHub/WingSeph/proto4Rapid/Prototype4/Content/TopDownBP/Texture/Police_Big__Scotty__stepMat.uasset" 49
"../../../../../GitHub/WingSeph/proto4Rapid/Prototype4/Content/TopDownBP/Mesh/Police_Big__Scotty__step.uasset" 50
"../../../../../GitHub/WingSeph/proto4Rapid/Prototype4/Content/TopDownBP/Blueprints/VoxCharacter.uasset" 51
"../../../../../GitHub/WingSeph/proto4Rapid/Prototype4/Content/TopDownBP/Texture/Police_Brown__Carlos_.uasset" 52
"../../../../../GitHub/WingSeph/proto4Rapid/Prototype4/Content/TopDownBP/Material/Police_Brown__Carlos_Mat.uasset" 53
"../../../../../GitHub/WingSeph/proto4Rapid/Prototype4/Content/TopDownBP/Mesh/Police_Brown__Carlos__0.uasset" 54
"../../../../../GitHub/WingSeph/proto4Rapid/Prototype4/Content/TopDownBP/Texture/Police_Brown__Carlos__step_0.uasset" 55
"../../../../../GitHub/WingSeph/proto4Rapid/Prototype4/Content/TopDownBP/Texture/Police_Brown__Carlos__stepMat.uasset" 56
"../../../../../GitHub/WingSeph/proto4Rapid/Prototype4/Content/TopDownBP/Mesh/Police_Brown__Carlos__step.uasset" 57
"../../../../../GitHub/WingSeph/proto4Rapid/Prototype4/Content/TopDownBP/Blueprints/VoxCharacter_Carlos.uasset" 58
"../../../../../GitHub/WingSeph/proto4Rapid/Prototype4/Content/TopDownBP/Texture/Police_Black__Deontay_.uasset" 59
"../../../../../GitHub/WingSeph/proto4Rapid/Prototype4/Content/TopDownBP/Material/Police_Black__Deontay_Mat.uasset" 60
"../../../../../GitHub/WingSeph/proto4Rapid/Prototype4/Content/TopDownBP/Mesh/Police_Black__Deontay__0.uasset" 61
"../../../../../GitHub/WingSeph/proto4Rapid/Prototype4/Content/TopDownBP/Texture/Police_Black__Deontay__step_0.uasset" 62
"../../../../../GitHub/WingSeph/proto4Rapid/Prototype4/Content/TopDownBP/Texture/Police_Black__Deontay__stepMat.uasset" 63
"../../../../../GitHub/WingSeph/proto4Rapid/Prototype4/Content/TopDownBP/Mesh/Police_Black__Deontay__step.uasset" 64
"../../../../../GitHub/WingSeph/proto4Rapid/Prototype4/Content/TopDownBP/Blueprints/VoxCharacter_deontay.uasset" 65
"../../../../../GitHub/WingSeph/proto4Rapid/Prototype4/Content/TopDownBP/Texture/lil.uasset" 66
"../../../../../GitHub/WingSeph/proto4Rapid/Prototype4/Content/TopDownBP/Material/lilMat.uasset" 67
"../../../../../GitHub/WingSeph/proto4Rapid/Prototype4/Content/TopDownBP/Mesh/lil_0.uasset" 68
"../../../../../GitHub/WingSeph/proto4Rapid/Prototype4/Content/TopDownBP/Texture/lil_step_0.uasset" 69
"../../../../../GitHub/WingSeph/proto4Rapid/Prototype4/Content/TopDownBP/Texture/lil_stepMat.uasset" 70
"../../../../../GitHub/WingSeph/proto4Rapid/Prototype4/Content/TopDownBP/Mesh/lil_step.uasset" 71
"../../../../../GitHub/WingSeph/proto4Rapid/Prototype4/Content/TopDownBP/Blueprints/VoxCharacter_lil.uasset" 72
"../../../../../GitHub/WingSeph/proto4Rapid/Prototype4/Content/TopDownBP/Texture/Police_White__Mitchell__step_0.uasset" 73
"../../../../../GitHub/WingSeph/proto4Rapid/Prototype4/Content/TopDownBP/Texture/Police_White__Mitchell__stepMat.uasset" 74
"../../../../../GitHub/WingSeph/proto4Rapid/Prototype4/Content/TopDownBP/Mesh/Police_White__Mitchell__step.uasset" 75
"../../../../../GitHub/WingSeph/proto4Rapid/Prototype4/Content/TopDownBP/Texture/Police_White__Mitchell_vox.uasset" 76
"../../../../../GitHub/WingSeph/proto4Rapid/Prototype4/Content/TopDownBP/Material/Police_White__Mitchell_voxMat.uasset" 77
"../../../../../GitHub/WingSeph/proto4Rapid/Prototype4/Content/TopDownBP/Mesh/Police_White__Mitchell_vox_0.uasset" 78
"../../../../../GitHub/WingSeph/proto4Rapid/Prototype4/Content/TopDownBP/Blueprints/VoxCharacter_Mitchell.uasset" 79
"../../../../../GitHub/WingSeph/proto4Rapid/Prototype4/Content/TopDownBP/Texture/prisoner_1.uasset" 80
"../../../../../GitHub/WingSeph/proto4Rapid/Prototype4/Content/TopDownBP/Material/prisoner_1Mat.uasset" 81
"../../../../../GitHub/WingSeph/proto4Rapid/Prototype4/Content/TopDownBP/Mesh/prisoner_0.uasset" 82
"../../../../../GitHub/WingSeph/proto4Rapid/Prototype4/Content/TopDownBP/Texture/prisoner_1_step_0.uasset" 83
"../../../../../GitHub/WingSeph/proto4Rapid/Prototype4/Content/TopDownBP/Texture/prisoner_1_stepMat.uasset" 84
"../../../../../GitHub/WingSeph/proto4Rapid/Prototype4/Content/TopDownBP/Mesh/prisoner_1_step.uasset" 85
"../../../../../GitHub/WingSeph/proto4Rapid/Prototype4/Content/TopDownBP/Blueprints/VoxCharacter_prisoner.uasset" 86
"../../../../../GitHub/WingSeph/proto4Rapid/Prototype4/Content/TopDownBP/Blueprints/VoxCharacter_scotty.uasset" 87
"../../../../../GitHub/WingSeph/proto4Rapid/Prototype4/Content/TopDownBP/Texture/Prisoner__T-Shawn_.uasset" 88
"../../../../../GitHub/WingSeph/proto4Rapid/Prototype4/Content/TopDownBP/Material/Prisoner__T-Shawn_Mat.uasset" 89
"../../../../../GitHub/WingSeph/proto4Rapid/Prototype4/Content/TopDownBP/Mesh/Prisoner__T-Shawn__0.uasset" 90
"../../../../../GitHub/WingSeph/proto4Rapid/Prototype4/Content/TopDownBP/Texture/Prisoner__T-Shawn__Step_0.uasset" 91
"../../../../../GitHub/WingSeph/proto4Rapid/Prototype4/Content/TopDownBP/Texture/Prisoner__T-Shawn__StepMat.uasset" 92
"../../../../../GitHub/WingSeph/proto4Rapid/Prototype4/Content/TopDownBP/Mesh/Prisoner__T-Shawn__Step.uasset" 93
"../../../../../GitHub/WingSeph/proto4Rapid/Prototype4/Content/TopDownBP/Blueprints/VoxCharacter_Tshawn.uasset" 94
"../../../../../GitHub/WingSeph/proto4Rapid/Prototype4/Content/TopDownBP/Character/matPlayerWallVisible.uasset" 95
"../../../../../GitHub/WingSeph/proto4Rapid/Prototype4/Content/TopDownBP/Levels/Level1-christestarea_BuiltData.uasset" 96
"../../../../../GitHub/WingSeph/proto4Rapid/Prototype4/Content/TopDownBP/Levels/Level1_BuiltData.uasset" 97
"../../../../../GitHub/WingSeph/proto4Rapid/Prototype4/Content/TopDownBP/Levels/Level2-christestarea1_BuiltData.uasset" 98
"../../../../../GitHub/WingSeph/proto4Rapid/Prototype4/Content/TopDownBP/Levels/Level4-Courtyard_BuiltData.uasset" 99
"../../../../../GitHub/WingSeph/proto4Rapid/Prototype4/Content/TopDownBP/Levels/Menu_BuiltData.uasset" 100
"../../../../../GitHub/WingSeph/proto4Rapid/Prototype4/Content/TopDownBP/Levels/TopDownExampleMap_BuiltData.uasset" 101
"../../../../../GitHub/WingSeph/proto4Rapid/Prototype4/Content/TopDownBP/Maps/TopDownExampleMap_BuiltData.uasset" 102
"../../../../../GitHub/WingSeph/proto4Rapid/Prototype4/Content/TopDownBP/Material/mainMat.uasset" 103
"../../../../../GitHub/WingSeph/proto4Rapid/Prototype4/Content/TopDownBP/Material/palette.uasset" 104
"../../../../../GitHub/WingSeph/proto4Rapid/Prototype4/Content/TopDownBP/Texture/redkey.uasset" 105
"../../../../../GitHub/WingSeph/proto4Rapid/Prototype4/Content/TopDownBP/Material/redkeyMat.uasset" 106
"../../../../../GitHub/WingSeph/proto4Rapid/Prototype4/Content/TopDownBP/Texture/cameraBody1.uasset" 107
"../../../../../GitHub/WingSeph/proto4Rapid/Prototype4/Content/TopDownBP/Material/palettecam.uasset" 108
"../../../../../GitHub/WingSeph/proto4Rapid/Prototype4/Content/TopDownBP/Mesh/cameraBody.uasset" 109
"../../../../../GitHub/WingSeph/proto4Rapid/Prototype4/Content/TopDownBP/Texture/cameraHead1.uasset" 110
"../../../../../GitHub/WingSeph/proto4Rapid/Prototype4/Content/TopDownBP/Material/palette1.uasset" 111
"../../../../../GitHub/WingSeph/proto4Rapid/Prototype4/Content/TopDownBP/Mesh/cameraHead.uasset" 112
"../../../../../GitHub/WingSeph/proto4Rapid/Prototype4/Content/TopDownBP/Texture/Escape_Menu1.uasset" 113
"../../../../../GitHub/WingSeph/proto4Rapid/Prototype4/Content/TopDownBP/Material/palette3.uasset" 114
"../../../../../GitHub/WingSeph/proto4Rapid/Prototype4/Content/TopDownBP/Mesh/Escape_Menu.uasset" 115
"../../../../../GitHub/WingSeph/proto4Rapid/Prototype4/Content/TopDownBP/Texture/Hand.uasset" 116
"../../../../../GitHub/WingSeph/proto4Rapid/Prototype4/Content/TopDownBP/Material/HandMat.uasset" 117
"../../../../../GitHub/WingSeph/proto4Rapid/Prototype4/Content/TopDownBP/Mesh/Hand_0.uasset" 118
"../../../../../GitHub/WingSeph/proto4Rapid/Prototype4/Content/TopDownBP/Texture/lilg.uasset" 119
"../../../../../GitHub/WingSeph/proto4Rapid/Prototype4/Content/TopDownBP/Material/lilMatg.uasset" 120
"../../../../../GitHub/WingSeph/proto4Rapid/Prototype4/Content/TopDownBP/Mesh/lilg.uasset" 121
"../../../../../GitHub/WingSeph/proto4Rapid/Prototype4/Content/TopDownBP/Texture/police.uasset" 122
"../../../../../GitHub/WingSeph/proto4Rapid/Prototype4/Content/TopDownBP/Material/policeMat.uasset" 123
"../../../../../GitHub/WingSeph/proto4Rapid/Prototype4/Content/TopDownBP/Mesh/police.uasset" 124
"../../../../../GitHub/WingSeph/proto4Rapid/Prototype4/Content/TopDownBP/Texture/prisoner_2.uasset" 125
"../../../../../GitHub/WingSeph/proto4Rapid/Prototype4/Content/TopDownBP/Material/prisoner_2Mat.uasset" 126
"../../../../../GitHub/WingSeph/proto4Rapid/Prototype4/Content/TopDownBP/Mesh/prisoner_2.uasset" 127
"../../../../../GitHub/WingSeph/proto4Rapid/Prototype4/Content/TopDownBP/Texture/prisoner_3.uasset" 128
"../../../../../GitHub/WingSeph/proto4Rapid/Prototype4/Content/TopDownBP/Material/prisoner_3Mat.uasset" 129
"../../../../../GitHub/WingSeph/proto4Rapid/Prototype4/Content/TopDownBP/Mesh/prisoner_3.uasset" 130
"../../../../../GitHub/WingSeph/proto4Rapid/Prototype4/Content/TopDownBP/Texture/prisoner_4.uasset" 131
"../../../../../GitHub/WingSeph/proto4Rapid/Prototype4/Content/TopDownBP/Material/prisoner_4Mat.uasset" 132
"../../../../../GitHub/WingSeph/proto4Rapid/Prototype4/Content/TopDownBP/Mesh/prisoner_4.uasset" 133
"../../../../../GitHub/WingSeph/proto4Rapid/Prototype4/Content/TopDownBP/Texture/prisoner_5.uasset" 134
"../../../../../GitHub/WingSeph/proto4Rapid/Prototype4/Content/TopDownBP/Material/prisoner_5Mat.uasset" 135
"../../../../../GitHub/WingSeph/proto4Rapid/Prototype4/Content/TopDownBP/Mesh/prisoner_5.uasset" 136
"../../../../../GitHub/WingSeph/proto4Rapid/Prototype4/Content/TopDownBP/Mesh/P_1.uasset" 137
"../../../../../GitHub/WingSeph/proto4Rapid/Prototype4/Content/TopDownBP/Texture/questionmarkobj_0.uasset" 138
"../../../../../GitHub/WingSeph/proto4Rapid/Prototype4/Content/TopDownBP/Material/questionmarkobjMat.uasset" 139
"../../../../../GitHub/WingSeph/proto4Rapid/Prototype4/Content/TopDownBP/Mesh/questionmarkobj.uasset" 140
"../../../../../GitHub/WingSeph/proto4Rapid/Prototype4/Content/TopDownBP/Texture/RedDoor.uasset" 141
"../../../../../GitHub/WingSeph/proto4Rapid/Prototype4/Content/TopDownBP/Material/RedDoorMat.uasset" 142
"../../../../../GitHub/WingSeph/proto4Rapid/Prototype4/Content/TopDownBP/Mesh/RedDoor_0.uasset" 143
"../../../../../GitHub/WingSeph/proto4Rapid/Prototype4/Content/TopDownBP/Texture/Showers_t.uasset" 144
"../../../../../GitHub/WingSeph/proto4Rapid/Prototype4/Content/TopDownBP/Material/ShowersMat.uasset" 145
"../../../../../GitHub/WingSeph/proto4Rapid/Prototype4/Content/TopDownBP/Mesh/Showers.uasset" 146
"../../../../../GitHub/WingSeph/proto4Rapid/Prototype4/Content/TopDownBP/Texture/Towel_0.uasset" 147
"../../../../../GitHub/WingSeph/proto4Rapid/Prototype4/Content/TopDownBP/Material/TowelMat.uasset" 148
"../../../../../GitHub/WingSeph/proto4Rapid/Prototype4/Content/TopDownBP/Mesh/Towel.uasset" 149
"../../../../../GitHub/WingSeph/proto4Rapid/Prototype4/Content/TopDownBP/Texture/____0.uasset" 150
"../../../../../GitHub/WingSeph/proto4Rapid/Prototype4/Content/TopDownBP/Material/___Mat.uasset" 151
"../../../../../GitHub/WingSeph/proto4Rapid/Prototype4/Content/TopDownBP/Mesh/___.uasset" 152
"../../../../../GitHub/WingSeph/proto4Rapid/Prototype4/Content/TopDownBP/Sounds/Hit_Hurt.uasset" 153
"../../../../../GitHub/WingSeph/proto4Rapid/Prototype4/Content/TopDownBP/Sounds/Please.uasset" 154
"../../../../../GitHub/WingSeph/proto4Rapid/Prototype4/Content/TopDownBP/Sounds/What.uasset" 155
"../../../../../GitHub/WingSeph/proto4Rapid/Prototype4/Content/TopDownBP/Sounds/Yay.uasset" 156
"../../../../../GitHub/WingSeph/proto4Rapid/Prototype4/Content/TopDownBP/Texture/Bluekey.uasset" 157
"../../../../../GitHub/WingSeph/proto4Rapid/Prototype4/Content/TopDownBP/Texture/cameraBody_0.uasset" 158
"../../../../../GitHub/WingSeph/proto4Rapid/Prototype4/Content/TopDownBP/Texture/cameraHead_0.uasset" 159
"../../../../../GitHub/WingSeph/proto4Rapid/Prototype4/Content/TopDownBP/Texture/EscapeHelp_texture0.uasset" 160
"../../../../../GitHub/WingSeph/proto4Rapid/Prototype4/Content/TopDownBP/Texture/HandCursor.uasset" 161
"../../../../../GitHub/WingSeph/proto4Rapid/Prototype4/Content/TopDownBP/Texture/police_0.uasset" 162
"../../../../../GitHub/WingSeph/proto4Rapid/Prototype4/Content/TopDownBP/Texture/prisoner_0.uasset" 163
"../../../../../GitHub/WingSeph/proto4Rapid/Prototype4/Content/TopDownBP/Texture/P_0.uasset" 164
"../../../../../GitHub/WingSeph/proto4Rapid/Prototype4/Content/TopDownBP/Texture/P_1.uasset" 165
"../../../../../GitHub/WingSeph/proto4Rapid/Prototype4/Content/TopDownBP/Texture/YellowKey.uasset" 166
"../../../../../GitHub/WingSeph/proto4Rapid/Prototype4/Content/TopDownBP/UI/frame.uasset" 167
"../../../../../GitHub/WingSeph/proto4Rapid/Prototype4/Content/TopDownBP/UI/green_frame.uasset" 168
"../../../../../GitHub/WingSeph/proto4Rapid/Prototype4/Content/TopDownBP/UI/red_frame.uasset" 169
"../../../Engine/Content/EngineMaterials/DefaultMaterial.uasset" 170
"../../../Engine/Content/BasicShapes/Cylinder.uasset" 171
"../../../Engine/Content/BasicShapes/Sphere.uasset" 172
"../../../Engine/Content/EditorLandscapeResources/DataLayer.uasset" 173
"../../../Engine/Content/EditorMaterials/GizmoMaterial.uasset" 174
"../../../Engine/Content/EditorMaterials/MAT_Groups_Toggle.uasset" 175
"../../../Engine/Content/EditorMaterials/MAT_Groups_Visibility.uasset" 176
"../../../Engine/Content/EditorMaterials/PreviewShadowIndicator.uasset" 177
"../../../Engine/Content/EditorMaterials/PreviewShadowIndicatorMaterial.uasset" 178
"../../../Engine/Content/EditorMaterials/MatineeGroups/MAT_ColorTrack.uasset" 179
"../../../Engine/Content/EditorMaterials/MatineeGroups/MAT_Groups_Anim.uasset" 180
"../../../Engine/Content/EditorMaterials/MatineeGroups/MAT_Groups_AudioMaster.uasset" 181
"../../../Engine/Content/EditorMaterials/MatineeGroups/MAT_Groups_Director.uasset" 182
"../../../Engine/Content/EditorMaterials/MatineeGroups/MAT_Groups_Event.uasset" 183
"../../../Engine/Content/EditorMaterials/MatineeGroups/MAT_Groups_Fade.uasset" 184
"../../../Engine/Content/EditorMaterials/MatineeGroups/MAT_Groups_Float.uasset" 185
"../../../Engine/Content/EditorMaterials/MatineeGroups/MAT_Groups_Move.uasset" 186
"../../../Engine/Content/EditorMaterials/MatineeGroups/MAT_Groups_Slomo.uasset" 187
"../../../Engine/Content/EditorMaterials/MatineeGroups/MAT_Groups_Sound.uasset" 188
"../../../Engine/Content/EditorMaterials/MatineeGroups/MAT_Groups_Vector.uasset" 189
"../../../Engine/Content/EditorMaterials/ParticleSystems/PSysThumbnail_NoImage.uasset" 190
"../../../Engine/Content/EditorMaterials/ParticleSystems/PSysThumbnail_OOD.uasset" 191
"../../../Engine/Content/EditorMaterials/Camera/CineMat.uasset" 192
"../../../Engine/Content/EditorMaterials/Camera/MI_CineMat_Rig.uasset" 193
"../../../Engine/Content/EditorMeshes/Camera/SM_CraneRig_Arm.uasset" 194
"../../../Engine/Content/EditorMeshes/Camera/SM_CraneRig_Base.uasset" 195
"../../../Engine/Content/EditorMeshes/Camera/SM_CraneRig_Body.uasset" 196
"../../../Engine/Content/EditorMeshes/Camera/SM_CraneRig_Mount.uasset" 197
"../../../Engine/Content/EditorMeshes/Camera/SM_RailRig_Mount.uasset" 198
"../../../Engine/Content/EditorMeshes/Camera/SM_RailRig_Track.uasset" 199
"../../../Engine/Content/EditorMeshes/ColorCalibrator/M_ChromeBall.uasset" 200
"../../../Engine/Content/EditorMeshes/ColorCalibrator/M_ClearCoat.uasset" 201
"../../../Engine/Content/EditorMeshes/ColorCalibrator/M_ClearCoatBlack.uasset" 202
"../../../Engine/Content/EditorMeshes/ColorCalibrator/Color_checker.uasset" 203
"../../../Engine/Content/EditorMeshes/ColorCalibrator/M_ColorGrid.uasset" 204
"../../../Engine/Content/EditorMeshes/ColorCalibrator/M_GreyBall.uasset" 205
"../../../Engine/Content/EditorMeshes/ColorCalibrator/SM_ColorCalibrator.uasset" 206
"../../../Engine/Content/EditorResources/BSPVertex.uasset" 207
"../../../Engine/Content/EditorResources/EmptyActor.uasset" 208
"../../../Engine/Content/EditorResources/S_Actor.uasset" 209
"../../../Engine/Content/EditorResources/S_Trigger.uasset" 210
"../../../Engine/Content/EditorResources/LightIcons/S_LightError.uasset" 211
"../../../Engine/Content/EditorResources/SequenceRecorder/Countdown.uasset" 212
"../../../Engine/Content/EditorResources/SequenceRecorder/RecordingIndicator.uasset" 213
"../../../Engine/Content/EditorSounds/Notifications/CompileFailed.uasset" 214
"../../../Engine/Content/EditorSounds/Notifications/CompileFailed_Cue.uasset" 215
"../../../Engine/Content/EditorSounds/Notifications/CompileSuccess.uasset" 216
"../../../Engine/Content/EditorSounds/Notifications/CompileStart_Cue.uasset" 217
"../../../Engine/Content/EditorSounds/Notifications/CompileSuccess_Cue.uasset" 218
"../../../Engine/Content/EngineDamageTypes/DmgTypeBP_Environmental.uasset" 219
"../../../Engine/Content/EngineDebugMaterials/HeatmapGradient.uasset" 220
"../../../Engine/Content/EngineDebugMaterials/BoneWeightMaterial.uasset" 221
"../../../Engine/Content/EngineDebugMaterials/ClothMaterial.uasset" 222
"../../../Engine/Content/EngineDebugMaterials/ClothMaterial_WF.uasset" 223
"../../../Engine/Content/EngineDebugMaterials/DebugEditorMaterial.uasset" 224
"../../../Engine/Content/EngineDebugMaterials/DebugMeshMaterial.uasset" 225
"../../../Engine/Content/EngineDebugMaterials/GeomMaterial.uasset" 226
"../../../Engine/Content/EngineFonts/Faces/RobotoBold.uasset" 227
"../../../Engine/Content/EngineFonts/Faces/RobotoBoldItalic.uasset" 228
"../../../Engine/Content/EngineFonts/Faces/RobotoItalic.uasset" 229
"../../../Engine/Content/EngineFonts/Faces/RobotoLight.uasset" 230
"../../../Engine/Content/EngineFonts/Faces/RobotoRegular.uasset" 231
"../../../Engine/Content/EngineFonts/Roboto.uasset" 232
"../../../Engine/Content/EngineFonts/Faces/RobotoTiny.uasset" 233
"../../../Engine/Content/EngineFonts/RobotoTiny.uasset" 234
"../../../Engine/Content/EngineMaterials/DefaultBloomKernel.uasset" 235
"../../../Engine/Content/EngineMaterials/DefaultBokeh.uasset" 236
"../../../Engine/Content/EngineMaterials/DefaultDiffuse.uasset" 237
"../../../Engine/Content/EngineMaterials/DefaultDeferredDecalMaterial.uasset" 238
"../../../Engine/Content/EngineMaterials/DefaultLightFunctionMaterial.uasset" 239
"../../../Engine/Content/EngineMaterials/DefaultPhysicalMaterial.uasset" 240
"../../../Engine/Content/Functions/Engine_MaterialFunctions02/Utility/BreakOutFloat2Components.uasset" 241
"../../../Engine/Content/EngineMaterials/DefaultPostProcessMaterial.uasset" 242
"../../../Engine/Content/EngineFonts/RobotoDistanceField.uasset" 243
"../../../Engine/Content/EngineMaterials/DefaultTextMaterialOpaque.uasset" 244
"../../../Engine/Content/EngineMaterials/DefaultWhiteGrid.uasset" 245
"../../../Engine/Content/EngineMaterials/EditorBrushMaterial.uasset" 246
"../../../Engine/Content/EngineMaterials/Good64x64TilingNoiseHighFreq.uasset" 247
"../../../Engine/Content/EngineMaterials/MiniFont.uasset" 248
"../../../Engine/Content/EngineMaterials/InvalidLightmapSettings.uasset" 249
"../../../Engine/Content/EngineMaterials/M_InvalidLightmapSettings.uasset" 250
"../../../Engine/Content/Functions/Engine_MaterialFunctions02/WorldPositionOffset/CameraOffset.uasset" 251
"../../../Engine/Content/EngineMaterials/PhAT_JointLimitMaterial.uasset" 252
"../../../Engine/Content/EngineMaterials/PreintegratedSkinBRDF.uasset" 253
"../../../Engine/Content/EngineMaterials/RemoveSurfaceMaterial.uasset" 254
"../../../Engine/Content/EngineMaterials/WeightMapPlaceholderTexture.uasset" 255
"../../../Engine/Content/EngineResources/WhiteSquareTexture.uasset" 256
"../../../Engine/Content/EngineMaterials/Widget3DPassThrough.uasset" 257
"../../../Engine/Content/EngineMaterials/Widget3DPassThrough_Masked.uasset" 258
"../../../Engine/Content/EngineMaterials/Widget3DPassThrough_Opaque.uasset" 259
"../../../Engine/Content/EngineMaterials/Widget3DPassThrough_Masked_OneSided.uasset" 260
"../../../Engine/Content/EngineMaterials/Widget3DPassThrough_Opaque_OneSided.uasset" 261
"../../../Engine/Content/EngineMaterials/Widget3DPassThrough_Translucent.uasset" 262
"../../../Engine/Content/EngineMaterials/Widget3DPassThrough_Translucent_OneSided.uasset" 263
"../../../Engine/Content/EngineMeshes/Cube.uasset" 264
"../../../Engine/Content/EngineMeshes/Cylinder.uasset" 265
"../../../Engine/Content/EngineMeshes/Sphere.uasset" 266
"../../../Engine/Content/EngineResources/Black.uasset" 267
"../../../Engine/Content/EngineResources/DefaultTexture.uasset" 268
"../../../Engine/Content/EngineResources/DefaultTextureCube.uasset" 269
"../../../Engine/Content/EngineResources/GradientTexture0.uasset" 270
"../../../Engine/Content/EngineSounds/Master.uasset" 271
"../../../Engine/Content/Functions/Engine_MaterialFunctions01/Shading/ConvertFromDiffSpec.uasset" 272
"../../../Engine/Content/Functions/Engine_MaterialFunctions01/Shading/PowerToRoughness.uasset" 273
"../../../Engine/Content/Maps/Templates/Thumbnails/Default.uasset" 274
"../../../Engine/Content/Maps/Templates/Thumbnails/VR-Basic.uasset" 275
"../../../Engine/Content/MobileResources/T_MobileControls_texture.uasset" 276
"../../../Engine/Content/MobileResources/T_MobileMenu2.uasset" 277
"../../../Engine/Content/MobileResources/HUD/AnalogHat.uasset" 278
"../../../Engine/Content/MobileResources/HUD/VirtualJoystick_Background.uasset" 279
"../../../Engine/Content/MobileResources/HUD/VirtualJoystick_Thumb.uasset" 280
"../../../Engine/Content/MobileResources/HUD/DefaultVirtualJoysticks.uasset" 281
"../../../Engine/Content/MobileResources/HUD/LeftVirtualJoystickOnly.uasset" 282
"../../../Engine/Content/MobileResources/HUD/MobileHUDButton1_off.uasset" 283
"../../../Engine/Content/MobileResources/HUD/MobileHUDButton1_on.uasset" 284
"../../../Engine/Content/MobileResources/HUD/MobileHUDButton2_off.uasset" 285
"../../../Engine/Content/MobileResources/HUD/MobileHUDButton2_on.uasset" 286
"../../../Engine/Content/MobileResources/HUD/MobileHUDButton3.uasset" 287
"../../../Engine/Content/MobileResources/HUD/MobileHUDButtonFire.uasset" 288
"../../../Engine/Content/MobileResources/HUD/MobileHUDDirectionPad.uasset" 289
"../../../Engine/Content/MobileResources/HUD/MobileHUDDirectionPad2.uasset" 290
"../../../Engine/Content/MobileResources/HUD/MobileHUDDirectionPad3.uasset" 291
"../../../Engine/Content/MobileResources/HUD/MobileHUDDirectionStick.uasset" 292
"../../../Engine/Content/MobileResources/HUD/T_Castle_ThumbstickInner.uasset" 293
"../../../Engine/Content/MobileResources/HUD/T_Castle_ThumbstickOutter.uasset" 294
"../../../Engine/Content/Tutorial/ContentIntroCurve.uasset" 295
"../../../Engine/Content/Tutorial/Basics/TutorialAssets/icon_tab_Levels_40x.uasset" 296
"../../../Engine/Content/Tutorial/BlueprintTutorials/TutorialAssets/BlueprintInterface_64x.uasset" 297
"../../../Engine/Content/Tutorial/BlueprintTutorials/TutorialAssets/BlueprintMacroLibrary_64x.uasset" 298
"../../../Engine/Content/Tutorial/BlueprintTutorials/TutorialAssets/Blueprint_64x.uasset" 299
"../../../Engine/Content/Tutorial/BlueprintTutorials/TutorialAssets/Tutorial_BP_Interface.uasset" 300
"../../../Engine/Content/Tutorial/Foliage/TutorialAssets/Foliage.uasset" 301
"../../../Engine/Content/Tutorial/Landscape/TutorialAssets/Landscape.uasset" 302
"../../../Engine/Content/Tutorial/Paper2D/TutorialAssets/Paper2DFlipbook_TutorialIcon.uasset" 303
"../../../Engine/Content/Tutorial/Paper2D/TutorialAssets/Paper2DSprite_TutorialIcon.uasset" 304
"../../../Engine/Content/Tutorial/SubEditors/TutorialAssets/icon_Editor_Preferences_General_40x.uasset" 305
"../../../Engine/Content/Tutorial/SubEditors/TutorialAssets/icon_ShowSkeletalMeshes_40x.uasset" 306
"../../../Engine/Content/Tutorial/SubEditors/TutorialAssets/TutorialMaterial.uasset" 307
"../../../Engine/Content/Tutorial/SubEditors/TutorialAssets/T_SmokeSubUV_8X8.uasset" 308
"../../../Engine/Content/Tutorial/SubEditors/TutorialAssets/T_soft_smoke.uasset" 309
"../../../Engine/Content/Tutorial/SubEditors/TutorialAssets/M_smoke_subUV_blackbody.uasset" 310
"../../../Engine/Content/Tutorial/SubEditors/TutorialAssets/TutorialParticleSystem.uasset" 311
"../../../Engine/Content/VREditor/Devices/Generic/GenericHMDMaterial.uasset" 312
"../../../Engine/Content/VREditor/Devices/Generic/GenericHMD.uasset" 313
"../../../Engine/Content/Functions/Engine_MaterialFunctions02/Utility/BreakOutFloat3Components.uasset" 314
"../../../Engine/Content/VREditor/Devices/Vive/VivePreController_MasksB.uasset" 315
"../../../Engine/Content/VREditor/Devices/Oculus/OculusControllerMaterial.uasset" 316
"../../../Engine/Content/VREditor/Devices/Oculus/OculusControllerMaterial_Inst.uasset" 317
"../../../Engine/Content/VREditor/Devices/Oculus/OculusControllerMesh.uasset" 318
"../../../Engine/Content/VREditor/Devices/Vive/T_VivePreController_EM.uasset" 319
"../../../Engine/Content/VREditor/Devices/Vive/VivePreController_MasksA.uasset" 320
"../../../Engine/Content/VREditor/Devices/Vive/VivePreControllerDiffuse.uasset" 321
"../../../Engine/Content/VREditor/Devices/Vive/VivePreControllerSpec.uasset" 322
"../../../Engine/Content/VREditor/LaserPointer/VR_LaserPower_01.uasset" 323
"../../../Engine/Content/VREditor/Devices/Vive/VivePreControllerMaterial.uasset" 324
"../../../Engine/Content/VREditor/Devices/Vive/VivePreControllerMaterial_Inst.uasset" 325
"../../../Engine/Content/VREditor/Devices/Vive/VivePreControllerMesh.uasset" 326
"../../../Engine/Content/VREditor/FloatingText/LineMaterial.uasset" 327
"../../../Engine/Content/VREditor/FloatingText/JointSphere.uasset" 328
"../../../Engine/Content/VREditor/FloatingText/LineSegmentCylinder.uasset" 329
"../../../Engine/Content/VREditor/Fonts/VRText_RobotoLarge.uasset" 330
"../../../Engine/Content/VREditor/Fonts/VRTextMaterial.uasset" 331
"../../../Engine/Content/VREditor/Fonts/TranslucentVRTextMaterial.uasset" 332
"../../../Engine/Content/VREditor/LaserPointer/CursorPointer.uasset" 333
"../../../Engine/Content/VREditor/TransformGizmo/TransformGizmoMaterial.uasset" 334
"../../../Engine/Content/VREditor/LaserPointer/HoverMaterial.uasset" 335
"../../../Engine/Content/VREditor/TransformGizmo/TranslucentTransformGizmoMaterial.uasset" 336
"../../../Engine/Content/VREditor/LaserPointer/TranslucentHoverMaterial.uasset" 337
"../../../Engine/Content/VREditor/LaserPointer/HoverMesh.uasset" 338
"../../../Engine/Content/VREditor/LaserPointer/LaserPointerMaterial.uasset" 339
"../../../Engine/Content/VREditor/LaserPointer/LaserPointerMaterialInst.uasset" 340
"../../../Engine/Content/VREditor/LaserPointer/TranslucentLaserPointerMaterialInst.uasset" 341
"../../../Engine/Content/VREditor/LaserPointer/LaserPointerMesh.uasset" 342
"../../../Engine/Content/VREditor/LaserPointer/LaserPointerMesh_End.uasset" 343
"../../../Engine/Content/VREditor/LaserPointer/LaserPointerMesh_Start.uasset" 344
"../../../Engine/Content/VREditor/Sounds/VR_teleport.uasset" 345
"../../../Engine/Content/VREditor/Sounds/UI/Click_on_Button.uasset" 346
"../../../Engine/Content/VREditor/Sounds/UI/Click_on_Button_Cue.uasset" 347
"../../../Engine/Content/VREditor/Sounds/UI/Dockable_Window_Close.uasset" 348
"../../../Engine/Content/VREditor/Sounds/UI/Dockable_Window_Drop.uasset" 349
"../../../Engine/Content/VREditor/Sounds/UI/Dockable_Window_Open.uasset" 350
"../../../Engine/Content/VREditor/Sounds/UI/Dockable_Window_Pick_Up.uasset" 351
"../../../Engine/Content/VREditor/Sounds/UI/Drop_Item_From_ContentBrowser.uasset" 352
"../../../Engine/Content/VREditor/Sounds/UI/Floating_UI_Open-001.uasset" 353
"../../../Engine/Content/VREditor/Sounds/UI/Radial_Menu_FadeOut.uasset" 354
"../../../Engine/Content/VREditor/Sounds/UI/Teleport_Mode_Entered.uasset" 355
"../../../Engine/Content/VREditor/Teleport/TeleportDirectionMaterial.uasset" 356
"../../../Engine/Content/VREditor/Teleport/TeleportDirectionMaterial_Inst.uasset" 357
"../../../Engine/Content/VREditor/Teleport/TeleportDirectionMesh.uasset" 358
"../../../Engine/Content/VREditor/TransformGizmo/BoundingBoxCorner.uasset" 359
"../../../Engine/Content/VREditor/TransformGizmo/BoundingBoxEdge.uasset" 360
"../../../Engine/Content/VREditor/TransformGizmo/PlaneTranslationHandle.uasset" 361
"../../../Engine/Content/VREditor/TransformGizmo/Main.uasset" 362
"../../../Engine/Content/VREditor/TransformGizmo/Xray.uasset" 363
"../../../Engine/Content/VREditor/TransformGizmo/SM_Dialog_Close.uasset" 364
"../../../Engine/Content/VREditor/TransformGizmo/SM_Dialog_Move.uasset" 365
"../../../Engine/Content/VREditor/TransformGizmo/SM_Sequencer_Key.uasset" 366
"../../../Engine/Content/VREditor/TransformGizmo/SM_Sequencer_Node.uasset" 367
"../../../Engine/Content/VREditor/TransformGizmo/TransformGizmoMaterial_Inst.uasset" 368
"../../../Engine/Content/VREditor/TransformGizmo/TranslucentTransformGizmoMaterial_Inst.uasset" 369
"../../../Engine/Content/VREditor/Devices/Vive/UE4_Logo.uasset" 370
"../../../Engine/Content/VREditor/UI/M_ContentWindow.uasset" 371
"../../../Engine/Content/VREditor/UI/SM_ContentWindow_01.uasset" 372
"../../../Engine/Content/VREditor/UI/KeyDiskMaterial.uasset" 373
"../../../Engine/Content/VREditor/UI/DiscMaterial.uasset" 374
"../../../Engine/Content/VREditor/UI/SM_Radial_Disk.uasset" 375
"../../../Engine/Content/VREditor/UI/ArrowMaterial.uasset" 376
"../../../Engine/Content/VREditor/UI/SM_Radial_Pointer.uasset" 377
"../../../Engine/Content/Functions/Engine_MaterialFunctions01/Gradient/RadialGradient.uasset" 378
"../../../Engine/Content/VREditor/WorldMovementGrid/SimpleGrid.uasset" 379
"../../../Engine/Content/VREditor/WorldMovementGrid/GridMaterial.uasset" 380
"../../../Engine/Content/VREditor/WorldMovementGrid/GridPostProcess.uasset" 381
"../../../Engine/Content/EditorLandscapeResources/FlattenHeightMat.uasset" 382
"../../../Engine/Content/VREditor/WorldMovementGrid/PlaneMesh.uasset" 383
"../../Plugins/2D/Paper2D/Content/PlaceholderTextures/DummySpriteTexture.uasset" 384
"../../Plugins/2D/Paper2D/Content/DummySprite.uasset" 385
"../../Plugins/2D/Paper2D/Content/DefaultPaperTerrainMaterial.uasset" 386
"../../Plugins/2D/Paper2D/Content/DefaultSpriteMaterial.uasset" 387
"../../Plugins/2D/Paper2D/Content/MaskedUnlitSpriteMaterial.uasset" 388
"../../Plugins/2D/Paper2D/Content/OpaqueUnlitSpriteMaterial.uasset" 389
"../../Plugins/Media/MediaCompositing/Content/DefaultMediaPlaneTexture.uasset" 390
"../../Plugins/Media/MediaCompositing/Content/DefaultMediaPlaneMaterial.uasset" 391
"../../../Engine/Content/Functions/Engine_MaterialFunctions02/Utility/MakeFloat4.uasset" 392
"../../Plugins/Runtime/AppleARKit/Content/ARKitCameraMaterial.uasset" 393
"../../Plugins/Runtime/Oculus/OculusVR/Content/Textures/GearVRController_AO.uasset" 394
"../../Plugins/Runtime/Oculus/OculusVR/Content/Textures/GearVRController_Color.uasset" 395
"../../Plugins/Runtime/Oculus/OculusVR/Content/Textures/GearVRController_Normal.uasset" 396
"../../Plugins/Runtime/Oculus/OculusVR/Content/Materials/GearVRControllerMaterial.uasset" 397
"../../Plugins/Runtime/Oculus/OculusVR/Content/Meshes/GearVrController.uasset" 398
"../../../../../GitHub/WingSeph/proto4Rapid/Prototype4/Content/Mannequin/Animations/ThirdPerson_Jump.uasset" 399
"../../../../../GitHub/WingSeph/proto4Rapid/Prototype4/Content/Mannequin/Animations/ThirdPersonJump_Loop.uasset" 400
"../../../../../GitHub/WingSeph/proto4Rapid/Prototype4/Content/Mannequin/Animations/ThirdPersonJump_Start.uasset" 401
"../../../../../GitHub/WingSeph/proto4Rapid/Prototype4/Content/Mannequin/Animations/ThirdPersonIdle.uasset" 402
"../../../../../GitHub/WingSeph/proto4Rapid/Prototype4/Content/Mannequin/Animations/ThirdPersonRun.uasset" 403
"../../../../../GitHub/WingSeph/proto4Rapid/Prototype4/Content/Mannequin/Animations/ThirdPersonWalk.uasset" 404
"../../../../../GitHub/WingSeph/proto4Rapid/Prototype4/Content/Mannequin/Animations/ThirdPerson_IdleRun_2D.uasset" 405
"../../../Engine/Content/EditorBlueprintResources/StandardMacros.uasset" 406
"../../../../../GitHub/WingSeph/proto4Rapid/Prototype4/Content/Mannequin/Animations/ThirdPerson_AnimBP.uasset" 407
"../../../../../GitHub/WingSeph/proto4Rapid/Prototype4/Content/TopDownBP/Blueprints/AI/Ai_control.uasset" 408
"../../../../../GitHub/WingSeph/proto4Rapid/Prototype4/Content/TopDownBP/Sounds/Pickup_Coin.uasset" 409
"../../../../../GitHub/WingSeph/proto4Rapid/Prototype4/Content/TopDownBP/Sounds/Question.uasset" 410
"../../../../../GitHub/WingSeph/proto4Rapid/Prototype4/Content/TopDownBP/Blueprints/InteractiveObject.uasset" 411
"../../../../../GitHub/WingSeph/proto4Rapid/Prototype4/Content/TopDownBP/Blueprints/M_Cursor_Decal.uasset" 412
"../../../Engine/Content/Functions/Engine_MaterialFunctions02/Utility/BlendAngleCorrectedNormals.uasset" 413
"../../../Engine/Content/Functions/MaterialLayerFunctions/MatLayerBlend_NormalBlend.uasset" 414
"../../../Engine/Content/Functions/MaterialLayerFunctions/MatLayerBlend_Simple.uasset" 415
"../../../../../GitHub/WingSeph/proto4Rapid/Prototype4/Content/Mannequin/Character/Materials/MaterialLayers/T_ML_Rubber_Blue_01_D.uasset" 416
"../../../../../GitHub/WingSeph/proto4Rapid/Prototype4/Content/Mannequin/Character/Materials/MaterialLayers/T_ML_Rubber_Blue_01_N.uasset" 417
"../../../../../GitHub/WingSeph/proto4Rapid/Prototype4/Content/Mannequin/Character/Materials/MaterialLayers/ML_GlossyBlack_Latex_UE4.uasset" 418
"../../../../../GitHub/WingSeph/proto4Rapid/Prototype4/Content/Mannequin/Character/Materials/MaterialLayers/ML_Plastic_Shiny_Beige.uasset" 419
"../../../../../GitHub/WingSeph/proto4Rapid/Prototype4/Content/Mannequin/Character/Textures/UE4_LOGO_CARD.uasset" 420
"../../../../../GitHub/WingSeph/proto4Rapid/Prototype4/Content/Mannequin/Character/Materials/MaterialLayers/ML_Plastic_Shiny_Beige_LOGO.uasset" 421
"../../../../../GitHub/WingSeph/proto4Rapid/Prototype4/Content/Mannequin/Character/Materials/MaterialLayers/T_ML_Aluminum01.uasset" 422
"../../../../../GitHub/WingSeph/proto4Rapid/Prototype4/Content/Mannequin/Character/Materials/MaterialLayers/T_ML_Aluminum01_N.uasset" 423
"../../../../../GitHub/WingSeph/proto4Rapid/Prototype4/Content/Mannequin/Character/Materials/MaterialLayers/ML_SoftMetal_UE4.uasset" 424
"../../../../../GitHub/WingSeph/proto4Rapid/Prototype4/Content/Mannequin/Character/Textures/UE4_Mannequin__normals.uasset" 425
"../../../../../GitHub/WingSeph/proto4Rapid/Prototype4/Content/Mannequin/Character/Textures/UE4_Mannequin_MAT_MASKA.uasset" 426
"../../../../../GitHub/WingSeph/proto4Rapid/Prototype4/Content/Mannequin/Character/Materials/M_UE4Man_Body.uasset" 427
"../../../../../GitHub/WingSeph/proto4Rapid/Prototype4/Content/Mannequin/Character/Textures/UE4Man_Logo_N.uasset" 428
"../../../../../GitHub/WingSeph/proto4Rapid/Prototype4/Content/Mannequin/Character/Materials/M_UE4Man_ChestLogo.uasset" 429
"../../../../../GitHub/WingSeph/proto4Rapid/Prototype4/Content/Mannequin/Character/Mesh/SK_Mannequin_PhysicsAsset.uasset" 430
"../../../../../GitHub/WingSeph/proto4Rapid/Prototype4/Content/Mannequin/Character/Mesh/SK_Mannequin.uasset" 431
"../../../../../GitHub/WingSeph/proto4Rapid/Prototype4/Content/TopDownBP/UI/b.uasset" 432
"../../../../../GitHub/WingSeph/proto4Rapid/Prototype4/Content/TopDownBP/UI/bag.uasset" 433
"../../../../../GitHub/WingSeph/proto4Rapid/Prototype4/Content/TopDownBP/UI/r.uasset" 434
"../../../../../GitHub/WingSeph/proto4Rapid/Prototype4/Content/TopDownBP/UI/y.uasset" 435
"../../../../../GitHub/WingSeph/proto4Rapid/Prototype4/Content/TopDownBP/UI/GamePlayUI.uasset" 436
"../../../../../GitHub/WingSeph/proto4Rapid/Prototype4/Content/TopDownBP/UI/UI_Help.uasset" 437
"../../../../../GitHub/WingSeph/proto4Rapid/Prototype4/Content/TopDownBP/UI/MainMenuUI.uasset" 438
"../../../../../GitHub/WingSeph/proto4Rapid/Prototype4/Content/TopDownBP/Blueprints/TopDownCharacter.uasset" 439
"../../../../../GitHub/WingSeph/proto4Rapid/Prototype4/Content/Isometric/Meshes/AI/Invisible.uasset" 440
"../../../Engine/Content/BasicShapes/Cone.uasset" 441
"../../../../../GitHub/WingSeph/proto4Rapid/Prototype4/Content/TopDownBP/Blueprints/AI/BP_AI_enemy.uasset" 442
"../../../../../GitHub/WingSeph/proto4Rapid/Prototype4/Content/TopDownBP/Blueprints/TriggerBoxToFixedCamera.uasset" 443
"../../../../../GitHub/WingSeph/proto4Rapid/Prototype4/Content/TopDownBP/Blueprints/InteractiveObject_Door1.uasset" 444
"../../../../../GitHub/WingSeph/proto4Rapid/Prototype4/Content/TopDownBP/Mesh/Key.uasset" 445
"../../../../../GitHub/WingSeph/proto4Rapid/Prototype4/Content/TopDownBP/Blueprints/InteractiveObject_Key.uasset" 446
"../../../../../GitHub/WingSeph/proto4Rapid/Prototype4/Content/TopDownBP/Material/bluekeyMat.uasset" 447
"../../../../../GitHub/WingSeph/proto4Rapid/Prototype4/Content/TopDownBP/Texture/detailedKeyBlue.uasset" 448
"../../../../../GitHub/WingSeph/proto4Rapid/Prototype4/Content/TopDownBP/Material/detailedKeyMatblue.uasset" 449
"../../../../../GitHub/WingSeph/proto4Rapid/Prototype4/Content/TopDownBP/Mesh/detailedKeyobj.uasset" 450
"../../../../../GitHub/WingSeph/proto4Rapid/Prototype4/Content/TopDownBP/Blueprints/InteractiveObject_Key_Blue.uasset" 451
"../../../../../GitHub/WingSeph/proto4Rapid/Prototype4/Content/TopDownBP/Texture/detailedKey.uasset" 452
"../../../../../GitHub/WingSeph/proto4Rapid/Prototype4/Content/TopDownBP/Material/detailedKeyMatred.uasset" 453
"../../../../../GitHub/WingSeph/proto4Rapid/Prototype4/Content/TopDownBP/Mesh/detailedKeyred.uasset" 454
"../../../../../GitHub/WingSeph/proto4Rapid/Prototype4/Content/TopDownBP/Blueprints/InteractiveObject_Key_Red.uasset" 455
"../../../../../GitHub/WingSeph/proto4Rapid/Prototype4/Content/TopDownBP/Material/YellowKeyMat.uasset" 456
"../../../../../GitHub/WingSeph/proto4Rapid/Prototype4/Content/TopDownBP/Texture/detailedKeyYellow.uasset" 457
"../../../../../GitHub/WingSeph/proto4Rapid/Prototype4/Content/TopDownBP/Material/detailedKeyMatyel.uasset" 458
"../../../../../GitHub/WingSeph/proto4Rapid/Prototype4/Content/TopDownBP/Mesh/detailedKeyyek.uasset" 459
"../../../../../GitHub/WingSeph/proto4Rapid/Prototype4/Content/TopDownBP/Blueprints/InteractiveObject_Key_Yellow.uasset" 460
"../../../../../GitHub/WingSeph/proto4Rapid/Prototype4/Content/TopDownBP/Blueprints/TopDownController.uasset" 461
"../../../../../GitHub/WingSeph/proto4Rapid/Prototype4/Content/TopDownBP/Blueprints/TopDownGameMode.uasset" 462
"../../../../../GitHub/WingSeph/proto4Rapid/Prototype4/Content/TopDownBP/Texture/Prisoner__Ali__0.uasset" 463
"../../../../../GitHub/WingSeph/proto4Rapid/Prototype4/Content/TopDownBP/Material/Prisoner__Ali_Mat.uasset" 464
"../../../../../GitHub/WingSeph/proto4Rapid/Prototype4/Content/TopDownBP/Mesh/Prisoner__Ali_.uasset" 465
"../../../../../GitHub/WingSeph/proto4Rapid/Prototype4/Content/TopDownBP/Texture/Prisoner__Ali__Step_0.uasset" 466
"../../../../../GitHub/WingSeph/proto4Rapid/Prototype4/Content/TopDownBP/Material/Prisoner__Ali__StepMat.uasset" 467
"../../../../../GitHub/WingSeph/proto4Rapid/Prototype4/Content/TopDownBP/Mesh/Prisoner__Ali__Step.uasset" 468
"../../../../../GitHub/WingSeph/proto4Rapid/Prototype4/Content/TopDownBP/Blueprints/VoxCharacter_Ali.uasset" 469
"../../../../../GitHub/WingSeph/proto4Rapid/Prototype4/Content/Isometric/Meshes/Pot/redPot.uasset" 470
"../../../../../GitHub/WingSeph/proto4Rapid/Prototype4/Content/Isometric/Meshes/Pot/redPotMat.uasset" 471
"../../../../../GitHub/WingSeph/proto4Rapid/Prototype4/Content/Isometric/Meshes/Pot/redPot_DM.uasset" 472
"../../../../../GitHub/WingSeph/proto4Rapid/Prototype4/Content/TopDownBP/Levels/Level1-Cell_BuiltData.uasset" 473
"../../../Engine/Content/BasicShapes/BasicShapeMaterial.uasset" 474
"../../../Engine/Content/BasicShapes/Plane.uasset" 475
"../../../Engine/Content/MapTemplates/daylight.uasset" 476
"../../../../../GitHub/WingSeph/proto4Rapid/Prototype4/Content/Isometric/Particles/Dust/matDust.uasset" 477
"../../../../../GitHub/WingSeph/proto4Rapid/Prototype4/Content/Isometric/Particles/Dust/parDust.uasset" 478
"../../../../../GitHub/WingSeph/proto4Rapid/Prototype4/Content/TopDownBP/Coin1.uasset" 479
"../../../../../GitHub/WingSeph/proto4Rapid/Prototype4/Content/TopDownBP/palette.uasset" 480
"../../../../../GitHub/WingSeph/proto4Rapid/Prototype4/Content/TopDownBP/Coin.uasset" 481
"../../../../../GitHub/WingSeph/proto4Rapid/Prototype4/Content/TopDownBP/Texture/LVL1_escape.uasset" 482
"../../../../../GitHub/WingSeph/proto4Rapid/Prototype4/Content/TopDownBP/Material/LVL1_escapeMat.uasset" 483
"../../../../../GitHub/WingSeph/proto4Rapid/Prototype4/Content/TopDownBP/Mesh/LVL1_escape_1_.uasset" 484
"../../../../../GitHub/WingSeph/proto4Rapid/Prototype4/Content/TopDownBP/Levels/Level1-Cell.umap" 485
"../../../../../GitHub/WingSeph/proto4Rapid/Prototype4/Content/TopDownBP/Blueprints/InteractiveObject_Door2.uasset" 486
"../../../../../GitHub/WingSeph/proto4Rapid/Prototype4/Content/TopDownBP/Levels/Level2-Corridor_BuiltData.uasset" 487
"../../../../../GitHub/WingSeph/proto4Rapid/Prototype4/Content/Isometric/Meshes/Chair/Level_1_-_ChairMat.uasset" 488
"../../../../../GitHub/WingSeph/proto4Rapid/Prototype4/Content/Isometric/Meshes/Chair/Level_1_-_Chair.uasset" 489
"../../../../../GitHub/WingSeph/proto4Rapid/Prototype4/Content/TopDownBP/Texture/hallwayDiffuse.uasset" 490
"../../../../../GitHub/WingSeph/proto4Rapid/Prototype4/Content/TopDownBP/Texture/hallwayemmissive.uasset" 491
"../../../../../GitHub/WingSeph/proto4Rapid/Prototype4/Content/TopDownBP/Material/hallwayMat.uasset" 492
"../../../../../GitHub/WingSeph/proto4Rapid/Prototype4/Content/TopDownBP/Mesh/hallway.uasset" 493
"../../../../../GitHub/WingSeph/proto4Rapid/Prototype4/Content/TopDownBP/Levels/Level2-Corridor.umap" 494
"../../../../../GitHub/WingSeph/proto4Rapid/Prototype4/Content/TopDownBP/Blueprints/InteractiveObject_Door3.uasset" 495
"../../../../../GitHub/WingSeph/proto4Rapid/Prototype4/Content/TopDownBP/Levels/Level3-Showers_BuiltData.uasset" 496
"../../../Engine/Content/MapTemplates/Sky/DaylightAmbientCubemap.uasset" 497
"../../../../../GitHub/WingSeph/proto4Rapid/Prototype4/Content/TopDownBP/Texture/LVL2ShowersNoDoor_0.uasset" 498
"../../../../../GitHub/WingSeph/proto4Rapid/Prototype4/Content/TopDownBP/Material/LVL2ShowersNoDoorMat.uasset" 499
"../../../../../GitHub/WingSeph/proto4Rapid/Prototype4/Content/TopDownBP/Mesh/LVL2ShowersNoDoor.uasset" 500
"../../../../../GitHub/WingSeph/proto4Rapid/Prototype4/Content/TopDownBP/Levels/Level3-Showers.umap" 501
"../../../../../GitHub/WingSeph/proto4Rapid/Prototype4/Content/TopDownBP/Blueprints/InteractiveObject_Door5.uasset" 502
"../../../Engine/Content/MapTemplates/Sky/SunsetAmbientCubemap.uasset" 503
"../../../Engine/Content/EditorMaterials/AssetViewer/M_SkyBox.uasset" 504
"../../../Engine/Content/MapTemplates/Sky/T_Sky_Stars.uasset" 505
"../../../Engine/Content/MapTemplates/Sky/T_UDK_Sky_CloudMask01_N.uasset" 506
"../../../Engine/Content/MapTemplates/T_UDK_Sky_CloudMask03.uasset" 507
"../../../Engine/Content/MapTemplates/Sky/M_Procedural_Sky_MASTER02.uasset" 508
"../../../Engine/Content/MapTemplates/Sky/SM_SkySphere.uasset" 509
"../../../../../GitHub/WingSeph/proto4Rapid/Prototype4/Content/TopDownBP/Texture/Diffuse.uasset" 510
"../../../../../GitHub/WingSeph/proto4Rapid/Prototype4/Content/TopDownBP/Texture/YardEmmissive.uasset" 511
"../../../../../GitHub/WingSeph/proto4Rapid/Prototype4/Content/TopDownBP/Material/Yard2Mat.uasset" 512
"../../../../../GitHub/WingSeph/proto4Rapid/Prototype4/Content/TopDownBP/Mesh/Yard2.uasset" 513
"../../../../../GitHub/WingSeph/proto4Rapid/Prototype4/Content/TopDownBP/Levels/Level4-Courtyard.umap" 514
"../../../../../GitHub/WingSeph/proto4Rapid/Prototype4/Content/TopDownBP/Blueprints/InteractiveObject_Door6.uasset" 515
"../../../Engine/Content/Functions/Engine_MaterialFunctions01/Gradient/LinearGradient.uasset" 516
"../../../Engine/Content/Functions/Engine_MaterialFunctions01/ImageAdjustment/CheapContrast.uasset" 517
"../../../../../GitHub/WingSeph/proto4Rapid/Prototype4/Content/Isometric/Materials/matGlass/paperDiffuse.uasset" 518
"../../../../../GitHub/WingSeph/proto4Rapid/Prototype4/Content/Isometric/Materials/matGlass/paperNormal.uasset" 519
"../../../../../GitHub/WingSeph/proto4Rapid/Prototype4/Content/Isometric/Materials/matGlass/Frosted_glass.uasset" 520
"../../../../../GitHub/WingSeph/proto4Rapid/Prototype4/Content/Isometric/Meshes/Levels/LevelCredits/mesCredits1.uasset" 521
"../../../../../GitHub/WingSeph/proto4Rapid/Prototype4/Content/Isometric/Meshes/Levels/LevelCredits/palette1.uasset" 522
"../../../../../GitHub/WingSeph/proto4Rapid/Prototype4/Content/Isometric/Meshes/Levels/LevelCredits/mesCredits.uasset" 523
"../../../../../GitHub/WingSeph/proto4Rapid/Prototype4/Content/Isometric/Meshes/Levels/LevelCredits/mesWindows1.uasset" 524
"../../../../../GitHub/WingSeph/proto4Rapid/Prototype4/Content/Isometric/Meshes/Levels/LevelCredits/palette.uasset" 525
"../../../../../GitHub/WingSeph/proto4Rapid/Prototype4/Content/Isometric/Meshes/Levels/LevelCredits/mesWindows.uasset" 526
"../../../../../GitHub/WingSeph/proto4Rapid/Prototype4/Content/Isometric/Particles/Leaf/texPinkLeaf.uasset" 527
"../../../../../GitHub/WingSeph/proto4Rapid/Prototype4/Content/Isometric/Particles/Leaf/matPinkLeaf.uasset" 528
"../../../../../GitHub/WingSeph/proto4Rapid/Prototype4/Content/Isometric/Particles/Leaf/mesLeaf.uasset" 529
"../../../../../GitHub/WingSeph/proto4Rapid/Prototype4/Content/Isometric/Particles/Leaf/parLeaf.uasset" 530
"../../../../../GitHub/WingSeph/proto4Rapid/Prototype4/Content/TopDownBP/Sounds/Better_Days.uasset" 531
"../../../../../GitHub/WingSeph/proto4Rapid/Prototype4/Content/TopDownBP/Levels/Level99-Credits.umap" 532
"../../../../../GitHub/WingSeph/proto4Rapid/Prototype4/Content/TopDownBP/Blueprints/InteractiveObject_Door4.uasset" 533
"../../../../../GitHub/WingSeph/proto4Rapid/Prototype4/Content/Isometric/Decals/DecalTextures/texDecalDirt1.uasset" 534
"../../../../../GitHub/WingSeph/proto4Rapid/Prototype4/Content/Isometric/Decals/matDecalDirt1.uasset" 535
"../../../../../GitHub/WingSeph/proto4Rapid/Prototype4/Content/Isometric/Decals/DecalTextures/texDecalScratch1.uasset" 536
"../../../../../GitHub/WingSeph/proto4Rapid/Prototype4/Content/Isometric/Decals/matDecalScratch1.uasset" 537
"../../../../../GitHub/WingSeph/proto4Rapid/Prototype4/Content/Isometric/Meshes/Levels/LevelCorridor1/LevelCorridor1-1.uasset" 538
"../../../../../GitHub/WingSeph/proto4Rapid/Prototype4/Content/Isometric/Meshes/Levels/LevelCorridor1/palette.uasset" 539
"../../../../../GitHub/WingSeph/proto4Rapid/Prototype4/Content/Isometric/Meshes/Levels/LevelCorridor1/LevelCorridor1-0.uasset" 540
"../../../../../GitHub/WingSeph/proto4Rapid/Prototype4/Content/TopDownBP/Levels/LevelCorridor01.umap" 541
"../../../../../GitHub/WingSeph/proto4Rapid/Prototype4/Content/TopDownBP/Texture/Escape_Letters_0.uasset" 542
"../../../../../GitHub/WingSeph/proto4Rapid/Prototype4/Content/TopDownBP/Material/Escape_LettersMat.uasset" 543
"../../../../../GitHub/WingSeph/proto4Rapid/Prototype4/Content/TopDownBP/Mesh/Escape_Letters.uasset" 544
"../../../../../GitHub/WingSeph/proto4Rapid/Prototype4/Content/TopDownBP/Blueprints/Escape_Letters_Blueprint.uasset" 545
"../../../../../GitHub/WingSeph/proto4Rapid/Prototype4/Content/TopDownBP/Texture/Help_Letters_0.uasset" 546
"../../../../../GitHub/WingSeph/proto4Rapid/Prototype4/Content/TopDownBP/Material/Help_LettersMat.uasset" 547
"../../../../../GitHub/WingSeph/proto4Rapid/Prototype4/Content/TopDownBP/Mesh/Help_Letters.uasset" 548
"../../../../../GitHub/WingSeph/proto4Rapid/Prototype4/Content/TopDownBP/Blueprints/Help_Letters_Blueprint.uasset" 549
"../../../../../GitHub/WingSeph/proto4Rapid/Prototype4/Content/TopDownBP/Blueprints/PanningSpotlight.uasset" 550
"../../../../../GitHub/WingSeph/proto4Rapid/Prototype4/Content/TopDownBP/Texture/Room_0.uasset" 551
"../../../../../GitHub/WingSeph/proto4Rapid/Prototype4/Content/TopDownBP/Material/RoomMat.uasset" 552
"../../../../../GitHub/WingSeph/proto4Rapid/Prototype4/Content/TopDownBP/Mesh/Room.uasset" 553
"../../../../../GitHub/WingSeph/proto4Rapid/Prototype4/Content/TopDownBP/Levels/Menu.umap" 554
"../../../Engine/Content/EngineSky/C_Sky_Cloud_Color.uasset" 555
"../../../Engine/Content/EngineSky/C_Sky_Horizon_Color.uasset" 556
"../../../Engine/Content/EngineSky/C_Sky_Zenith_Color.uasset" 557
"../../../Engine/Content/EngineSky/T_Sky_Blue.uasset" 558
"../../../Engine/Content/EngineSky/T_Sky_Clouds_M.uasset" 559
"../../../Engine/Content/EngineSky/T_Sky_Stars.uasset" 560
"../../../Engine/Content/EngineSky/M_Sky_Panning_Clouds2.uasset" 561
"../../../Engine/Content/EngineSky/SM_SkySphere.uasset" 562
"../../../Engine/Content/EngineSky/BP_Sky_Sphere.uasset" 563
"../../../../../GitHub/WingSeph/proto4Rapid/Prototype4/Content/TopDownBP/Levels/ChrisTest/Level1-christestarea.umap" 564
"../../../../../GitHub/WingSeph/proto4Rapid/Prototype4/Content/TopDownBP/Levels/ChrisTest/Level2-christestarea1.umap" 565
"../../../../../GitHub/WingSeph/proto4Rapid/Prototype4/Content/TopDownBP/Levels/konstantinTest/Level1-konstantin.umap" 566
"../../../Engine/Content/BasicShapes/Cube.uasset" 567
"../../../../../GitHub/WingSeph/proto4Rapid/Prototype4/Content/TopDownBP/Blueprints/Objects/Obstacle01_Blueprint.uasset" 568
"../../../../../GitHub/WingSeph/proto4Rapid/Prototype4/Content/TopDownBP/Maps/CoreyMap.umap" 569
"../../../../../GitHub/WingSeph/proto4Rapid/Prototype4/Content/TopDownBP/Maps/konstantinMap_BuiltData.uasset" 570
"../../../../../GitHub/WingSeph/proto4Rapid/Prototype4/Content/TopDownBP/Maps/konstantinMap.umap" 571
"../../../Engine/Content/Maps/Entry.umap" 572
